<?xml version="1.0" encoding="UTF-8"?>
<!-- Generated by org.testng.reporters.JUnitReportReporter -->
<testsuite skipped="0" hostname="Naveen" name="blazedemo.blazedemo.v1.testcases.TCHomePage" tests="1" failures="0" timestamp="2021-06-04T11:42:39 IST" time="1.679" errors="0">
  <testcase name="homePageWebElemetsCheck" time="1.679" classname="blazedemo.blazedemo.v1.testcases.TCHomePage"/>
  <system-out/>
</testsuite> <!-- blazedemo.blazedemo.v1.testcases.TCHomePage -->
