<?xml version="1.0" encoding="UTF-8"?>
<!-- Generated by org.testng.reporters.JUnitReportReporter -->
<testsuite skipped="0" hostname="Naveen" name="blazedemo.blazedemo.v1.testcases.TestScenarios" tests="5" failures="0" timestamp="2021-06-04T16:01:24 IST" time="6.214" errors="0">
  <testcase name="homePageWebElemetsCheck" time="0.750" classname="blazedemo.blazedemo.v1.testcases.TestScenarios"/>
  <system-out/>
  <testcase name="checkNavigationToReservePage" time="2.855" classname="blazedemo.blazedemo.v1.testcases.TestScenarios"/>
  <system-out/>
  <testcase name="checkForConfirmationPage" time="0.072" classname="blazedemo.blazedemo.v1.testcases.TestScenarios"/>
  <system-out/>
  <testcase name="checkEnteringCustomerDetails" time="1.786" classname="blazedemo.blazedemo.v1.testcases.TestScenarios"/>
  <system-out/>
  <testcase name="checkNavigationToPurchasePage" time="0.751" classname="blazedemo.blazedemo.v1.testcases.TestScenarios"/>
  <system-out/>
</testsuite> <!-- blazedemo.blazedemo.v1.testcases.TestScenarios -->
