<?xml version="1.0" encoding="UTF-8"?>
<!-- Generated by org.testng.reporters.JUnitReportReporter -->
<testsuite hostname="Naveen" failures="0" tests="2" name="blazedemo.blazedemo.v1.testcases.BookingFlow" time="4.505" errors="0" timestamp="2021-08-17T12:59:13 IST" skipped="0">
  <testcase classname="blazedemo.blazedemo.v1.testcases.BookingFlow" name="checkNavigationToPurchasePage" time="1.139"/>
  <system-out/>
  <testcase classname="blazedemo.blazedemo.v1.testcases.BookingFlow" name="checkNavigationToReservePage" time="3.366"/>
  <system-out/>
</testsuite> <!-- blazedemo.blazedemo.v1.testcases.BookingFlow -->
