<?xml version="1.0" encoding="UTF-8"?>
<!-- Generated by org.testng.reporters.JUnitReportReporter -->
<testsuite hostname="Naveen" failures="0" tests="1" name="blazedemo.blazedemo.v1.testcases.ReservePageTest" time="12.589" errors="0" timestamp="2021-08-17T16:11:40 IST" skipped="0">
  <testcase classname="blazedemo.blazedemo.v1.testcases.ReservePageTest" name="checkNavigationToPurchasePage" time="12.589"/>
  <system-out/>
</testsuite> <!-- blazedemo.blazedemo.v1.testcases.ReservePageTest -->
