<?xml version="1.0" encoding="UTF-8"?>
<!-- Generated by org.testng.reporters.JUnitReportReporter -->
<testsuite hostname="Naveen" failures="0" tests="16" name="blazedemo.blazedemo.v1.testcases.BookingFlow" time="61.328" errors="0" timestamp="2021-08-11T21:01:02 IST" skipped="0">
  <testcase classname="blazedemo.blazedemo.v1.testcases.BookingFlow" name="homePageWebElemetsCheck" time="2.257"/>
  <system-out/>
  <testcase classname="blazedemo.blazedemo.v1.testcases.BookingFlow" name="checkNavigationToReservePage" time="0.927"/>
  <system-out/>
  <testcase classname="blazedemo.blazedemo.v1.testcases.BookingFlow" name="checkNavigationToPurchasePage" time="1.282"/>
  <system-out/>
  <testcase classname="blazedemo.blazedemo.v1.testcases.BookingFlow" name="checkEnteringCustomerDetails" time="1.729"/>
  <system-out/>
  <testcase classname="blazedemo.blazedemo.v1.testcases.BookingFlow" name="checkForConfirmationPage" time="0.274"/>
  <system-out/>
  <testcase classname="blazedemo.blazedemo.v1.testcases.BookingFlow" name="checkNavigationAllCountries" time="0.794"/>
  <system-out/>
  <testcase classname="blazedemo.blazedemo.v1.testcases.BookingFlow" name="checkNavigationAllCountries" time="1.050"/>
  <system-out/>
  <testcase classname="blazedemo.blazedemo.v1.testcases.BookingFlow" name="checkNavigationAllCountries" time="0.785"/>
  <system-out/>
  <testcase classname="blazedemo.blazedemo.v1.testcases.BookingFlow" name="checkNavigationAllCountries" time="0.816"/>
  <system-out/>
  <testcase classname="blazedemo.blazedemo.v1.testcases.BookingFlow" name="checkNavigationAllCountries" time="0.866"/>
  <system-out/>
  <testcase classname="blazedemo.blazedemo.v1.testcases.BookingFlow" name="checkNavigationAllCountries" time="0.815"/>
  <system-out/>
  <testcase classname="blazedemo.blazedemo.v1.testcases.BookingFlow" name="checkNavigationAllCountries" time="0.885"/>
  <system-out/>
  <testcase classname="blazedemo.blazedemo.v1.testcases.BookingFlow" name="checkNaviPurchasePageOnAllFlights" time="12.780"/>
  <system-out/>
  <testcase classname="blazedemo.blazedemo.v1.testcases.BookingFlow" name="checkNaviPurchasePageOnAllFlights" time="11.989"/>
  <system-out/>
  <testcase classname="blazedemo.blazedemo.v1.testcases.BookingFlow" name="checkNaviPurchasePageOnAllFlights" time="11.921"/>
  <system-out/>
  <testcase classname="blazedemo.blazedemo.v1.testcases.BookingFlow" name="checkNaviPurchasePageOnAllFlights" time="12.158"/>
  <system-out/>
</testsuite> <!-- blazedemo.blazedemo.v1.testcases.BookingFlow -->
